PLAN_TABLE_OUTPUT                                                                                                                                                                                                                                                                                                                                                                                                                                                                                                                                                                                                                                                                                                                                                                                                                                                                                                                                                                                              
---------------------------------------------------------------------------------------------------------------------------------------------------------------------------------------------------------------------------------------------------------------------------------------------------------------------------------------------------------------------------------------------------------------------------------------------------------------------------------------------------------------------------------------------------------------------------------------------------------------------------------------------------------------------------------------------------------------------------------------------------------------------------------------------------------------------------------------------------------------------------------------------------------------------------------------------------------------------------------------------------------------
Plan hash value: 1342444986
 
--------------------------------------------------------------------------------------------
| Id  | Operation                    | Name        | Rows  | Bytes | Cost (%CPU)| Time     |
--------------------------------------------------------------------------------------------
|   0 | UPDATE STATEMENT             |             | 50000 |  1367K|   172M  (1)| 01:52:37 |
|   1 |  UPDATE                      | CLIENTCAR   |       |       |            |          |
|   2 |   NESTED LOOPS               |             | 50000 |  1367K|   104   (2)| 00:00:01 |
|   3 |    TABLE ACCESS FULL         | CLIENTCAR   | 50000 |  1123K|   102   (0)| 00:00:01 |
|*  4 |    INDEX UNIQUE SCAN         | SYS_C007918 |     1 |     5 |     0   (0)| 00:00:01 |
|   5 |   TABLE ACCESS BY INDEX ROWID| PARKINGUSER |     1 |    13 |     2   (0)| 00:00:01 |

PLAN_TABLE_OUTPUT                                                                                                                                                                                                                                                                                                                                                                                                                                                                                                                                                                                                                                                                                                                                                                                                                                                                                                                                                                                              
---------------------------------------------------------------------------------------------------------------------------------------------------------------------------------------------------------------------------------------------------------------------------------------------------------------------------------------------------------------------------------------------------------------------------------------------------------------------------------------------------------------------------------------------------------------------------------------------------------------------------------------------------------------------------------------------------------------------------------------------------------------------------------------------------------------------------------------------------------------------------------------------------------------------------------------------------------------------------------------------------------------
|*  6 |    INDEX UNIQUE SCAN         | SYS_C007918 |     1 |       |     1   (0)| 00:00:01 |
|*  7 |   FILTER                     |             |       |       |            |          |
|   8 |    NESTED LOOPS OUTER        |             |     1 |    31 |  1539   (1)| 00:00:01 |
|   9 |     NESTED LOOPS OUTER       |             |     1 |    15 |   582   (1)| 00:00:01 |
|* 10 |      INDEX UNIQUE SCAN       | SYS_C007918 |     1 |     5 |     1   (0)| 00:00:01 |
|* 11 |      TABLE ACCESS FULL       | RESERVATION |     1 |    10 |   581   (1)| 00:00:01 |
|* 12 |     TABLE ACCESS FULL        | PAYMENT     |     1 |    16 |   956   (1)| 00:00:01 |
|* 13 |   TABLE ACCESS FULL          | RESERVATION |     1 |    16 |   581   (1)| 00:00:01 |
|* 14 |   TABLE ACCESS BY INDEX ROWID| PARKINGUSER |     1 |    14 |     2   (0)| 00:00:01 |
|* 15 |    INDEX UNIQUE SCAN         | SYS_C007918 |     1 |       |     1   (0)| 00:00:01 |
--------------------------------------------------------------------------------------------

PLAN_TABLE_OUTPUT                                                                                                                                                                                                                                                                                                                                                                                                                                                                                                                                                                                                                                                                                                                                                                                                                                                                                                                                                                                              
---------------------------------------------------------------------------------------------------------------------------------------------------------------------------------------------------------------------------------------------------------------------------------------------------------------------------------------------------------------------------------------------------------------------------------------------------------------------------------------------------------------------------------------------------------------------------------------------------------------------------------------------------------------------------------------------------------------------------------------------------------------------------------------------------------------------------------------------------------------------------------------------------------------------------------------------------------------------------------------------------------------
 
Predicate Information (identified by operation id):
---------------------------------------------------
 
   4 - access("PU"."ID"="CC"."CLIENT_ID")
   6 - access("PU"."ID"=:B1)
   7 - filter("P"."CREATED_AT" IS NULL OR EXTRACT(YEAR FROM 
              INTERNAL_FUNCTION("P"."CREATED_AT"))<EXTRACT(YEAR FROM SYSDATE@!)-1)
  10 - access("PU"."ID"=:B1)
  11 - filter("R"."USER_ID"(+)=:B1 AND "R"."USER_ID"(+)="PU"."ID")
  12 - filter("P"."RESERVATION_ID"(+)="R"."ID")

PLAN_TABLE_OUTPUT                                                                                                                                                                                                                                                                                                                                                                                                                                                                                                                                                                                                                                                                                                                                                                                                                                                                                                                                                                                              
---------------------------------------------------------------------------------------------------------------------------------------------------------------------------------------------------------------------------------------------------------------------------------------------------------------------------------------------------------------------------------------------------------------------------------------------------------------------------------------------------------------------------------------------------------------------------------------------------------------------------------------------------------------------------------------------------------------------------------------------------------------------------------------------------------------------------------------------------------------------------------------------------------------------------------------------------------------------------------------------------------------
  13 - filter("R"."USER_ID"=:B1 AND "R"."START_DATE">=TRUNC(SYSDATE@!)-:P_DAYS_SINCE
              _RESERVATION)
  14 - filter(UPPER("ROLE")='ADMIN')
  15 - access("ID"=:B1)

37 rows selected. 